2023-03-13 15:04:34-log: [Package] profile@1.0.0 enable
2023-03-13 15:04:34-log: [Package] messages@1.0.0 enable
2023-03-13 15:04:34-log: [Package] program@1.0.0 enable
2023-03-13 15:04:34-log: [Package] ui-kit@1.0.0 enable
2023-03-13 15:04:34-log: [Package] tester@1.0.0 enable
2023-03-13 15:04:34-log: [Package] device@1.0.1 enable
2023-03-13 15:04:34-log: [Package] preferences@1.0.0 enable
2023-03-13 15:04:35-log: Setup mods mgr.: 274.089ms
2023-03-13 15:04:35-log: [Package] engine@1.0.5 enable
2023-03-13 15:04:37-log: [Package] asset-db@1.0.0 enable
2023-03-13 15:04:37-log: [Package] programming@1.0.0 enable
2023-03-13 15:04:37-log: [Package] console@1.0.0 enable
2023-03-13 15:04:37-log: [Package] project@1.0.1 enable
2023-03-13 15:04:37-log: [Package] scene@1.0.0 enable
2023-03-13 15:04:38-log: [Package] about@1.0.0 enable
2023-03-13 15:04:38-log: [Package] server@1.0.0 enable
2023-03-13 15:04:38-log: [Package] utils@1.0.0 enable
2023-03-13 15:04:38-log: [Package] assets@1.0.0 enable
2023-03-13 15:04:38-log: [Package] hierarchy@1.0.0 enable
2023-03-13 15:04:38-log: [Package] inspector@1.0.0 enable
2023-03-13 15:04:39-log: [Package] preview@1.0.0 enable
2023-03-13 15:04:39-log: [Package] animator@1.0.0 enable
2023-03-13 15:04:34-log: [Package] menu@1.0.0 enable
